modules/expo-tor/android/build/intermediates/manifest_merge_blame_file/debug/processDebugManifest/manifest-merger-blame-debug-report.txt
1<?xml version="1.0" encoding="utf-8"?>
2<manifest xmlns:android="http://schemas.android.com/apk/res/android"
3    package="expo.modules.tor" >
4
5    <uses-sdk android:minSdkVersion="24" />
6
7    <uses-permission android:name="android.permission.INTERNET" />
7-->src/main/AndroidManifest.xml:2:3-64
7-->src/main/AndroidManifest.xml:2:20-62
8
9    <application>
9-->src/main/AndroidManifest.xml:4:3-10:17
10        <service
10-->src/main/AndroidManifest.xml:5:5-9:15
11            android:name="org.torproject.jni.TorService"
11-->src/main/AndroidManifest.xml:6:7-51
12            android:enabled="true"
12-->src/main/AndroidManifest.xml:7:7-29
13            android:exported="false" >
13-->src/main/AndroidManifest.xml:8:7-31
14        </service>
15    </application>
16
17</manifest>